<?xml version="1.0" encoding="UTF-8"?>
<!-- Generated by org.testng.reporters.JUnitXMLReporter -->
<testsuite hostname="JTGDT12" ignored="0" name="Test1" tests="1" failures="1" timestamp="13 Dec 2017 08:05:30 GMT" time="20.588" errors="0">
  <testcase name="login" time="20.518" classname="testScripts.test">
    <failure type="org.openqa.selenium.remote.UnreachableBrowserException" message="Could not start a new session. Possible causes are invalid address of the remote server or browser start-up failure.
Build info: version: &amp;apos;2.39.0&amp;apos;, revision: &amp;apos;ff23eac&amp;apos;, time: &amp;apos;2013-12-16 16:11:15&amp;apos;
System info: host: &amp;apos;JTGDT12&amp;apos;, ip: &amp;apos;10.90.88.94&amp;apos;, os.name: &amp;apos;Windows 7&amp;apos;, os.arch: &amp;apos;amd64&amp;apos;, os.version: &amp;apos;6.1&amp;apos;, java.version: &amp;apos;1.8.0_111&amp;apos;
Driver info: driver.version: PhantomJSDriver">
      <![CDATA[org.openqa.selenium.remote.UnreachableBrowserException: Could not start a new session. Possible causes are invalid address of the remote server or browser start-up failure.
Build info: version: '2.39.0', revision: 'ff23eac', time: '2013-12-16 16:11:15'
System info: host: 'JTGDT12', ip: '10.90.88.94', os.name: 'Windows 7', os.arch: 'amd64', os.version: '6.1', java.version: '1.8.0_111'
Driver info: driver.version: PhantomJSDriver
	at org.openqa.selenium.remote.RemoteWebDriver.execute(RemoteWebDriver.java:548)
	at org.openqa.selenium.remote.RemoteWebDriver.startSession(RemoteWebDriver.java:216)
	at org.openqa.selenium.remote.RemoteWebDriver.<init>(RemoteWebDriver.java:111)
	at org.openqa.selenium.remote.RemoteWebDriver.<init>(RemoteWebDriver.java:115)
	at org.openqa.selenium.phantomjs.PhantomJSDriver.<init>(PhantomJSDriver.java:107)
	at org.openqa.selenium.phantomjs.PhantomJSDriver.<init>(PhantomJSDriver.java:96)
	at org.openqa.selenium.phantomjs.PhantomJSDriver.<init>(PhantomJSDriver.java:86)
	at Utils.ConfigFile.getWebDriver(ConfigFile.java:39)
	at testScripts.test.login(test.java:28)
Caused by: org.openqa.selenium.WebDriverException: Timed out waiting for driver server to start.
Build info: version: '2.39.0', revision: 'ff23eac', time: '2013-12-16 16:11:15'
System info: host: 'JTGDT12', ip: '10.90.88.94', os.name: 'Windows 7', os.arch: 'amd64', os.version: '6.1', java.version: '1.8.0_111'
Driver info: driver.version: PhantomJSDriver
	at org.openqa.selenium.remote.service.DriverService.start(DriverService.java:165)
	at org.openqa.selenium.remote.service.DriverCommandExecutor.execute(DriverCommandExecutor.java:62)
	at org.openqa.selenium.remote.RemoteWebDriver.execute(RemoteWebDriver.java:527)
	... 33 more
Caused by: org.openqa.selenium.net.UrlChecker$TimeoutException: Timed out waiting for [http://localhost:7212/status] to be available after 20010 ms
	at org.openqa.selenium.net.UrlChecker.waitUntilAvailable(UrlChecker.java:104)
	at org.openqa.selenium.remote.service.DriverService.start(DriverService.java:163)
	... 35 more
Caused by: com.google.common.util.concurrent.UncheckedTimeoutException: java.util.concurrent.TimeoutException
	at com.google.common.util.concurrent.SimpleTimeLimiter.callWithTimeout(SimpleTimeLimiter.java:143)
	at org.openqa.selenium.net.UrlChecker.waitUntilAvailable(UrlChecker.java:79)
	... 36 more
Caused by: java.util.concurrent.TimeoutException
	at java.util.concurrent.FutureTask.get(FutureTask.java:205)
	at com.google.common.util.concurrent.SimpleTimeLimiter.callWithTimeout(SimpleTimeLimiter.java:130)
	... 37 more
... Removed 25 stack frames]]>
    </failure>
  </testcase> <!-- login -->
</testsuite> <!-- Test1 -->
